<?xml version="1.0" encoding="utf-8" standalone="no"?>
<test-results xmlns:xsi="http://www.w3.org/2001/XMLSchema-instance" xsi:noNamespaceSchemaLocation="nunit_schema_2.5.xsd" name="Pester" total="22" errors="0" failures="0" not-run="4" inconclusive="0" ignored="0" skipped="2" invalid="0" date="2025-10-01" time="00:09:34">
  <environment nunit-version="2.5.8.0" user-domain="" platform="Linux" user="runner" os-version="6.11.0-1018-azure" cwd="/home/runner/work/compare-vi-cli-action/compare-vi-cli-action/tests/results" clr-version="8.0.19" machine-name="runnervm3ublj" />
  <culture-info current-culture="" current-uiculture="" />
  <test-suite type="TestFixture" name="Pester" executed="True" result="Ignored" success="True" time="1.4473" asserts="0" description="Pester">
    <results>
      <test-suite type="TestFixture" name="/home/runner/work/compare-vi-cli-action/compare-vi-cli-action/tests/CompareVI.InputOutput.Tests.ps1" executed="True" result="Success" success="True" time="1.0623" asserts="0" description="/home/runner/work/compare-vi-cli-action/compare-vi-cli-action/tests/CompareVI.InputOutput.Tests.ps1">
        <results>
          <test-suite type="TestFixture" name="Invoke-CompareVI input and output validation (no CLI)" executed="True" result="Success" success="True" time="0.7408" asserts="0" description="Invoke-CompareVI input and output validation (no CLI)">
            <results>
              <test-case description="validates required inputs and file existence" name="Invoke-CompareVI input and output validation (no CLI).validates required inputs and file existence" time="0.2936" asserts="0" success="True" result="Success" executed="True" />
              <test-case description="resolves relative paths from working-directory" name="Invoke-CompareVI input and output validation (no CLI).resolves relative paths from working-directory" time="0.1076" asserts="0" success="True" result="Success" executed="True" />
              <test-case description="throws when working-directory does not exist" name="Invoke-CompareVI input and output validation (no CLI).throws when working-directory does not exist" time="0.0145" asserts="0" success="True" result="Success" executed="True" />
              <test-case description="parses quoted lvCompareArgs and includes them in the reconstructed command" name="Invoke-CompareVI input and output validation (no CLI).parses quoted lvCompareArgs and includes them in the reconstructed command" time="0.0278" asserts="0" success="True" result="Success" executed="True" />
              <test-case description="supports multiple lvCompareArgs including appended values with spaces" name="Invoke-CompareVI input and output validation (no CLI).supports multiple lvCompareArgs including appended values with spaces" time="0.0291" asserts="0" success="True" result="Success" executed="True" />
              <test-case description="writes outputs and summary for exit code 0 (diff=false)" name="Invoke-CompareVI input and output validation (no CLI).writes outputs and summary for exit code 0 (diff=false)" time="0.0386" asserts="0" success="True" result="Success" executed="True" />
              <test-case description="does not throw when fail-on-diff is false and exit code is 1 (diff=true)" name="Invoke-CompareVI input and output validation (no CLI).does not throw when fail-on-diff is false and exit code is 1 (diff=true)" time="0.0208" asserts="0" success="True" result="Success" executed="True" />
              <test-case description="writes outputs then throws for unknown exit code (diff=false)" name="Invoke-CompareVI input and output validation (no CLI).writes outputs then throws for unknown exit code (diff=false)" time="0.0274" asserts="0" success="True" result="Success" executed="True" />
              <test-case description="throws when fail-on-diff is true with exit code 1, but writes outputs" name="Invoke-CompareVI input and output validation (no CLI).throws when fail-on-diff is true with exit code 1, but writes outputs" time="0.0547" asserts="0" success="True" result="Success" executed="True" />
              <test-case description="uses mocked Resolve-Cli value in result" name="Invoke-CompareVI input and output validation (no CLI).uses mocked Resolve-Cli value in result" time="0.0228" asserts="0" success="True" result="Success" executed="True" />
              <test-case description="quotes base/head when working-directory path contains spaces" name="Invoke-CompareVI input and output validation (no CLI).quotes base/head when working-directory path contains spaces" time="0.0356" asserts="0" success="True" result="Success" executed="True" />
            </results>
          </test-suite>
        </results>
      </test-suite>
      <test-suite type="TestFixture" name="/home/runner/work/compare-vi-cli-action/compare-vi-cli-action/tests/CompareVI.Tests.ps1" executed="True" result="Ignored" success="True" time="0.379" asserts="0" description="/home/runner/work/compare-vi-cli-action/compare-vi-cli-action/tests/CompareVI.Tests.ps1">
        <results>
          <test-suite type="TestFixture" name="Invoke-CompareVI core behavior" executed="True" result="Ignored" success="True" time="0.3343" asserts="0" description="Invoke-CompareVI core behavior">
            <results>
              <test-case description="returns diff=true when files differ and handles outputs" name="Invoke-CompareVI core behavior.returns diff=true when files differ and handles outputs" time="0.0396" asserts="0" success="True" result="Success" executed="True" />
              <test-case description="throws when fail-on-diff is true but still writes outputs" name="Invoke-CompareVI core behavior.throws when fail-on-diff is true but still writes outputs" time="0.0308" asserts="0" success="True" result="Success" executed="True" />
              <test-case description="returns diff=false for equal files" name="Invoke-CompareVI core behavior.returns diff=false for equal files" time="0.0329" asserts="0" success="True" result="Success" executed="True" />
              <test-case description="handles unknown exit code by throwing but keeps outputs (diff=false)" name="Invoke-CompareVI core behavior.handles unknown exit code by throwing but keeps outputs (diff=false)" time="0.0283" asserts="0" success="True" result="Success" executed="True" />
              <test-case description="accepts explicit lvComparePath when it exists" name="Invoke-CompareVI core behavior.accepts explicit lvComparePath when it exists" time="0.0469" asserts="0" success="True" result="Success" executed="True" />
              <test-case description="accepts LVCOMPARE_PATH when it exists" name="Invoke-CompareVI core behavior.accepts LVCOMPARE_PATH when it exists" time="0.0256" asserts="0" success="True" result="Success" executed="True" />
              <test-case description="accepts explicit lvComparePath when canonical and exists" name="Invoke-CompareVI core behavior.accepts explicit lvComparePath when canonical and exists" time="0.0076" asserts="0" success="False" result="Ignored" executed="False" />
              <test-case description="accepts LVCOMPARE_PATH when canonical and exists" name="Invoke-CompareVI core behavior.accepts LVCOMPARE_PATH when canonical and exists" time="0.0073" asserts="0" success="False" result="Ignored" executed="False" />
              <test-case description="parses quoted args and reconstructs the command" name="Invoke-CompareVI core behavior.parses quoted args and reconstructs the command" time="0.046" asserts="0" success="True" result="Success" executed="True" />
              <test-case description="resolves relative paths from working-directory" name="Invoke-CompareVI core behavior.resolves relative paths from working-directory" time="0.0312" asserts="0" success="True" result="Success" executed="True" />
              <test-case description="throws when base or head not found" name="Invoke-CompareVI core behavior.throws when base or head not found" time="0.0224" asserts="0" success="True" result="Success" executed="True" />
            </results>
          </test-suite>
        </results>
      </test-suite>
    </results>
  </test-suite>
</test-results>