<?xml version="1.0" encoding="utf-8" standalone="no"?>
<test-results xmlns:xsi="http://www.w3.org/2001/XMLSchema-instance" xsi:noNamespaceSchemaLocation="nunit_schema_2.5.xsd" name="Pester" total="11" errors="0" failures="0" not-run="9" inconclusive="0" ignored="0" skipped="0" invalid="0" date="2025-09-30" time="13:00:54">
  <environment clr-version="Unknown" user-domain="NI" machine-name="USAUSLT-Z7DLW6G" cwd="C:\labview-community-ci-cd\compare-vi-cli-action\tests\results" platform="Microsoft Windows 11 Enterprise|C:\WINDOWS|\Device\Harddisk0\Partition3" user="svelderr" os-version="10.0.22631" nunit-version="2.5.8.0" />
  <culture-info current-culture="en-US" current-uiculture="en-US" />
  <test-suite type="TestFixture" name="Pester" executed="True" result="Success" success="True" time="1.3274" asserts="0" description="Pester">
    <results>
      <test-suite type="TestFixture" name="C:\labview-community-ci-cd\compare-vi-cli-action\tests\CompareVI.InputOutput.Tests.ps1" executed="True" result="Success" success="True" time="1.315" asserts="0" description="C:\labview-community-ci-cd\compare-vi-cli-action\tests\CompareVI.InputOutput.Tests.ps1">
        <results>
          <test-suite type="TestFixture" name="Invoke-CompareVI input and output validation (no CLI)" executed="True" result="Success" success="True" time="0.9024" asserts="0" description="Invoke-CompareVI input and output validation (no CLI)">
            <results>
              <test-case description="validates required inputs and file existence" name="Invoke-CompareVI input and output validation (no CLI).validates required inputs and file existence" time="0.263" asserts="0" success="True" result="Success" executed="True" />
              <test-case description="resolves relative paths from working-directory" name="Invoke-CompareVI input and output validation (no CLI).resolves relative paths from working-directory" time="0.1275" asserts="0" success="True" result="Success" executed="True" />
              <test-case description="throws when working-directory does not exist" name="Invoke-CompareVI input and output validation (no CLI).throws when working-directory does not exist" time="0.0385" asserts="0" success="True" result="Success" executed="True" />
              <test-case description="parses quoted lvCompareArgs and includes them in the reconstructed command" name="Invoke-CompareVI input and output validation (no CLI).parses quoted lvCompareArgs and includes them in the reconstructed command" time="0.0568" asserts="0" success="True" result="Success" executed="True" />
              <test-case description="supports multiple lvCompareArgs including appended values with spaces" name="Invoke-CompareVI input and output validation (no CLI).supports multiple lvCompareArgs including appended values with spaces" time="0.0393" asserts="0" success="True" result="Success" executed="True" />
              <test-case description="writes outputs and summary for exit code 0 (diff=false)" name="Invoke-CompareVI input and output validation (no CLI).writes outputs and summary for exit code 0 (diff=false)" time="0.0578" asserts="0" success="True" result="Success" executed="True" />
              <test-case description="does not throw when fail-on-diff is false and exit code is 1 (diff=true)" name="Invoke-CompareVI input and output validation (no CLI).does not throw when fail-on-diff is false and exit code is 1 (diff=true)" time="0.0466" asserts="0" success="True" result="Success" executed="True" />
              <test-case description="writes outputs then throws for unknown exit code (diff=false)" name="Invoke-CompareVI input and output validation (no CLI).writes outputs then throws for unknown exit code (diff=false)" time="0.0502" asserts="0" success="True" result="Success" executed="True" />
              <test-case description="throws when fail-on-diff is true with exit code 1, but writes outputs" name="Invoke-CompareVI input and output validation (no CLI).throws when fail-on-diff is true with exit code 1, but writes outputs" time="0.048" asserts="0" success="True" result="Success" executed="True" />
              <test-case description="uses mocked Resolve-Cli value in result" name="Invoke-CompareVI input and output validation (no CLI).uses mocked Resolve-Cli value in result" time="0.041" asserts="0" success="True" result="Success" executed="True" />
              <test-case description="quotes base/head when working-directory path contains spaces" name="Invoke-CompareVI input and output validation (no CLI).quotes base/head when working-directory path contains spaces" time="0.0988" asserts="0" success="True" result="Success" executed="True" />
            </results>
          </test-suite>
        </results>
      </test-suite>
    </results>
  </test-suite>
</test-results>